<?xml version="1.0" encoding="UTF-8"?>
<!-- Generated by org.testng.reporters.JUnitXMLReporter -->
<testsuite hostname="VDQADEV01-IFZ18" name="Regression suite 1" tests="3" failures="2" timestamp="28 Jan 2015 20:52:32 GMT" time="19.634" errors="0">
  <testcase name="VerifyTitle" time="8.852" classname="tests.LoadPageTest"/>
  <testcase name="Reservation" time="5.219" classname="tests.ReservationTest">
    <failure type="java.lang.NullPointerException">
      <![CDATA[java.lang.NullPointerException
	at pages.ReservationPage.Reservation(ReservationPage.java:53)
	at tests.ReservationTest.Reservation(ReservationTest.java:23)
... Removed 24 stack frames]]>
    </failure>
  </testcase> <!-- Reservation -->
  <testcase name="Reservation" time="5.485" classname="tests.ReservationTest">
    <failure type="java.lang.NullPointerException">
      <![CDATA[java.lang.NullPointerException
	at pages.ReservationPage.Reservation(ReservationPage.java:53)
	at tests.ReservationTest.Reservation(ReservationTest.java:23)
... Removed 24 stack frames]]>
    </failure>
  </testcase> <!-- Reservation -->
</testsuite> <!-- Regression suite 1 -->
